<?xml version="1.0" encoding="UTF-8"?>
<!-- Generated by org.testng.reporters.JUnitXMLReporter -->
<testsuite ignored="0" hostname="PisePC" failures="0" tests="6" name="PatientProfile" time="10.066" errors="0" timestamp="01 Sep 2020 00:22:54 GMT">
  <testcase classname="org.iit.mmp.patientmodule.tests.TS_EditPatientProfile" name="@BeforeTest beforeTest" time="10.013">
    <failure type="org.openqa.selenium.SessionNotCreatedException" message="session not created
from chrome not reachable
  (Session info: chrome=84.0.4147.135)
Build info: version: &amp;apos;3.141.59&amp;apos;, revision: &amp;apos;e82be7d358&amp;apos;, time: &amp;apos;2018-11-14T08:17:03&amp;apos;
System info: host: &amp;apos;PISEPC&amp;apos;, ip: &amp;apos;192.168.4.74&amp;apos;, os.name: &amp;apos;Windows 10&amp;apos;, os.arch: &amp;apos;amd64&amp;apos;, os.version: &amp;apos;10.0&amp;apos;, java.version: &amp;apos;14.0.2&amp;apos;
Driver info: driver.version: BaseWebDriver
remote stacktrace: Backtrace:
	Ordinal0 [0x00E687E3+2852835]
	Ordinal0 [0x00D55BB1+1727409]
	Ordinal0 [0x00C2E362+516962]
	Ordinal0 [0x00C27D82+490882]
	Ordinal0 [0x00C2846B+492651]
	Ordinal0 [0x00C293C5+496581]
	Ordinal0 [0x00C24D64+478564]
	Ordinal0 [0x00C2F300+520960]
	Ordinal0 [0x00BDE489+189577]
	Ordinal0 [0x00BDD7FD+186365]
	Ordinal0 [0x00BDB70B+177931]
	Ordinal0 [0x00BC2584+75140]
	Ordinal0 [0x00BC3650+79440]
	Ordinal0 [0x00BC35E9+79337]
	Ordinal0 [0x00D6AD5C+1813852]
	GetHandleVerifier [0x00F8C616+1075574]
	GetHandleVerifier [0x00F8C367+1074887]
	GetHandleVerifier [0x00F97497+1120247]
	GetHandleVerifier [0x00F8CC16+1077110]
	Ordinal0 [0x00D63206+1782278]
	Ordinal0 [0x00D6C3BB+1819579]
	Ordinal0 [0x00D6C523+1819939]
	Ordinal0 [0x00D82B45+1911621]
	BaseThreadInitThunk [0x75116359+25]
	RtlGetAppContainerNamedObjectPath [0x77697C24+228]
	RtlGetAppContainerNamedObjectPath [0x77697BF4+180]
">
      <![CDATA[org.openqa.selenium.SessionNotCreatedException: session not created
from chrome not reachable
  (Session info: chrome=84.0.4147.135)
Build info: version: '3.141.59', revision: 'e82be7d358', time: '2018-11-14T08:17:03'
System info: host: 'PISEPC', ip: '192.168.4.74', os.name: 'Windows 10', os.arch: 'amd64', os.version: '10.0', java.version: '14.0.2'
Driver info: driver.version: BaseWebDriver
remote stacktrace: Backtrace:
Ordinal0 [0x00E687E3+2852835]
Ordinal0 [0x00D55BB1+1727409]
Ordinal0 [0x00C2E362+516962]
Ordinal0 [0x00C27D82+490882]
Ordinal0 [0x00C2846B+492651]
Ordinal0 [0x00C293C5+496581]
Ordinal0 [0x00C24D64+478564]
Ordinal0 [0x00C2F300+520960]
Ordinal0 [0x00BDE489+189577]
Ordinal0 [0x00BDD7FD+186365]
Ordinal0 [0x00BDB70B+177931]
Ordinal0 [0x00BC2584+75140]
Ordinal0 [0x00BC3650+79440]
Ordinal0 [0x00BC35E9+79337]
Ordinal0 [0x00D6AD5C+1813852]
GetHandleVerifier [0x00F8C616+1075574]
GetHandleVerifier [0x00F8C367+1074887]
GetHandleVerifier [0x00F97497+1120247]
GetHandleVerifier [0x00F8CC16+1077110]
Ordinal0 [0x00D63206+1782278]
Ordinal0 [0x00D6C3BB+1819579]
Ordinal0 [0x00D6C523+1819939]
Ordinal0 [0x00D82B45+1911621]
BaseThreadInitThunk [0x75116359+25]
RtlGetAppContainerNamedObjectPath [0x77697C24+228]
RtlGetAppContainerNamedObjectPath [0x77697BF4+180]

at org.openqa.selenium.remote.W3CHandshakeResponse.lambda$errorHandler$0(W3CHandshakeResponse.java:62)
at org.openqa.selenium.remote.HandshakeResponse.lambda$getResponseFunction$0(HandshakeResponse.java:30)
at org.openqa.selenium.remote.ProtocolHandshake.lambda$createSession$0(ProtocolHandshake.java:126)
at java.base/java.util.stream.ReferencePipeline$3$1.accept(ReferencePipeline.java:195)
at java.base/java.util.Spliterators$ArraySpliterator.tryAdvance(Spliterators.java:958)
at java.base/java.util.stream.ReferencePipeline.forEachWithCancel(ReferencePipeline.java:127)
at java.base/java.util.stream.AbstractPipeline.copyIntoWithCancel(AbstractPipeline.java:502)
at java.base/java.util.stream.AbstractPipeline.copyInto(AbstractPipeline.java:488)
at java.base/java.util.stream.AbstractPipeline.wrapAndCopyInto(AbstractPipeline.java:474)
at java.base/java.util.stream.FindOps$FindOp.evaluateSequential(FindOps.java:150)
at java.base/java.util.stream.AbstractPipeline.evaluate(AbstractPipeline.java:234)
at java.base/java.util.stream.ReferencePipeline.findFirst(ReferencePipeline.java:543)
at org.openqa.selenium.remote.ProtocolHandshake.createSession(ProtocolHandshake.java:128)
at org.openqa.selenium.remote.ProtocolHandshake.createSession(ProtocolHandshake.java:74)
at org.openqa.selenium.remote.HttpCommandExecutor.execute(HttpCommandExecutor.java:136)
at org.openqa.selenium.remote.service.DriverCommandExecutor.execute(DriverCommandExecutor.java:83)
at org.openqa.selenium.remote.RemoteWebDriver.execute(RemoteWebDriver.java:552)
at org.openqa.selenium.remote.RemoteWebDriver.startSession(RemoteWebDriver.java:213)
at org.openqa.selenium.remote.RemoteWebDriver.<init>(RemoteWebDriver.java:131)
at org.openqa.selenium.chrome.ChromeDriver.<init>(ChromeDriver.java:181)
at org.openqa.selenium.chrome.ChromeDriver.<init>(ChromeDriver.java:168)
at org.openqa.selenium.chrome.ChromeDriver.<init>(ChromeDriver.java:123)
at org.iit.mmp.helpers.BaseWebDriver.initiateDriver(BaseWebDriver.java:19)
at org.iit.mmp.patientmodule.pages.TC_EditPatientProfile._openAppURL(TC_EditPatientProfile.java:20)
at org.iit.mmp.patientmodule.tests.TS_EditPatientProfile.beforeTest(TS_EditPatientProfile.java:49)
... Removed 29 stack frames]]>
    </failure>
  </testcase> <!-- @BeforeTest beforeTest -->
  <testcase classname="org.iit.mmp.patientmodule.tests.TS_SearchSymptoms" name="@BeforeTest beforeTest" time="0.0">
    <skipped/>
  </testcase> <!-- @BeforeTest beforeTest -->
  <testcase classname="org.iit.mmp.patientmodule.tests.TS_EditPatientProfile" name="@AfterTest afterTest" time="0.0">
    <skipped/>
  </testcase> <!-- @AfterTest afterTest -->
  <testcase classname="org.iit.mmp.patientmodule.tests.TS_SearchSymptoms" name="@AfterTest afterTest" time="0.0">
    <skipped/>
  </testcase> <!-- @AfterTest afterTest -->
  <testcase classname="org.iit.mmp.patientmodule.tests.TS_EditPatientProfile" name="login" time="0.0">
    <skipped/>
  </testcase> <!-- login -->
  <testcase classname="org.iit.mmp.patientmodule.tests.TS_SearchSymptoms" name="login" time="0.0">
    <skipped/>
  </testcase> <!-- login -->
  <testcase classname="org.iit.mmp.patientmodule.tests.TS_EditPatientProfile" name="editProfileAndVerify" time="0.0">
    <skipped/>
  </testcase> <!-- editProfileAndVerify -->
  <testcase classname="org.iit.mmp.patientmodule.tests.TS_SearchSymptoms" name="searchSymptoms" time="0.0">
    <skipped/>
  </testcase> <!-- searchSymptoms -->
  <testcase classname="org.iit.mmp.patientmodule.tests.TS_EditPatientProfile" name="logout" time="0.0">
    <skipped/>
  </testcase> <!-- logout -->
  <testcase classname="org.iit.mmp.patientmodule.tests.TS_SearchSymptoms" name="logout" time="0.0">
    <skipped/>
  </testcase> <!-- logout -->
</testsuite> <!-- PatientProfile -->
